生成启动时间为 2017/12/1 19:41:04。
     1>项目“D:\作业\74 14.2\Joseph circle\mfc实现\Joseph circle\Joseph circle\Joseph circle.vcxproj”在节点 2 上(Build 个目标)。
     1>ClCompile:
         H:\Program Files (x86)\Microsoft Visual Studio 12.0\VC\bin\CL.exe /c /ZI /nologo /W3 /WX- /sdl /Od /Oy- /D WIN32 /D _WINDOWS /D _DEBUG /D _UNICODE /D UNICODE /D _AFXDLL /Gm /EHsc /RTC1 /MDd /GS /fp:precise /Zc:wchar_t /Zc:forScope /Yu"stdafx.h" /Fp"Debug\Joseph circle.pch" /Fo"Debug\\" /Fd"Debug\vc120.pdb" /Gd /TP /analyze- /errorReport:prompt "Joseph circle.cpp" "Joseph circleDlg.cpp" Tip.cpp Tip2.cpp
         Joseph circleDlg.cpp
         正在生成代码...
         正在编译...
         Tip2.cpp
         Tip.cpp
         Joseph circle.cpp
         正在生成代码...
       ResourceCompile:
         H:\Program Files (x86)\Windows Kits\8.1\bin\x86\rc.exe /D _DEBUG /D _UNICODE /D UNICODE /D _AFXDLL /l"0x0804" /IDebug\ /nologo /fo"Debug\Joseph circle.res" "Joseph circle.rc" 
       Link:
         H:\Program Files (x86)\Microsoft Visual Studio 12.0\VC\bin\link.exe /ERRORREPORT:PROMPT /OUT:"D:\作业\74 14.2\Joseph circle\mfc实现\Joseph circle\Debug\Joseph circle.exe" /INCREMENTAL /NOLOGO /MANIFEST /MANIFESTUAC:"level='asInvoker' uiAccess='false'" /manifest:embed /manifestinput:"H:\Program Files (x86)\Microsoft Visual Studio 12.0\VC\Include\Manifest\dpiaware.manifest" /DEBUG /PDB:"D:\作业\74 14.2\Joseph circle\mfc实现\Joseph circle\Debug\Joseph circle.pdb" /SUBSYSTEM:WINDOWS /TLBID:1 /ENTRY:"wWinMainCRTStartup" /DYNAMICBASE /NXCOMPAT /IMPLIB:"D:\作业\74 14.2\Joseph circle\mfc实现\Joseph circle\Debug\Joseph circle.lib" /MACHINE:X86 "Debug\Joseph circle.res"
         Debug\Child.obj
         Debug\Circle.obj
         "Debug\Joseph circle.obj"
         "Debug\Joseph circleDlg.obj"
         Debug\stdafx.obj
         Debug\Tip.obj
         Debug\Tip2.obj
         Joseph circle.vcxproj -> D:\作业\74 14.2\Joseph circle\mfc实现\Joseph circle\Debug\Joseph circle.exe
     1>已完成生成项目“D:\作业\74 14.2\Joseph circle\mfc实现\Joseph circle\Joseph circle\Joseph circle.vcxproj”(Build 个目标)的操作。

生成成功。

已用时间 00:00:01.47
